0 info it worked if it ends with ok
1 verbose cli [ '/home/dan/.nvm/versions/node/v6.2.1/bin/node',
1 verbose cli   '/home/dan/.nvm/versions/node/v6.2.1/bin/npm',
1 verbose cli   'run',
1 verbose cli   'goupdate' ]
2 info using npm@3.9.3
3 info using node@v6.2.1
4 verbose stack Error: ENOENT: no such file or directory, open '/home/dan/Desktop/code/gocode/src/github.com/danielkermode/criceti/package.json'
4 verbose stack     at Error (native)
5 verbose cwd /home/dan/Desktop/code/gocode/src/github.com/danielkermode/criceti
6 error Linux 4.6.3-1-ARCH
7 error argv "/home/dan/.nvm/versions/node/v6.2.1/bin/node" "/home/dan/.nvm/versions/node/v6.2.1/bin/npm" "run" "goupdate"
8 error node v6.2.1
9 error npm  v3.9.3
10 error path /home/dan/Desktop/code/gocode/src/github.com/danielkermode/criceti/package.json
11 error code ENOENT
12 error errno -2
13 error syscall open
14 error enoent ENOENT: no such file or directory, open '/home/dan/Desktop/code/gocode/src/github.com/danielkermode/criceti/package.json'
15 error enoent ENOENT: no such file or directory, open '/home/dan/Desktop/code/gocode/src/github.com/danielkermode/criceti/package.json'
15 error enoent This is most likely not a problem with npm itself
15 error enoent and is related to npm not being able to find a file.
16 verbose exit [ -2, true ]
